0 info it worked if it ends with ok
1 verbose cli [ 'C:\\Program Files\\nodejs\\node.exe',
1 verbose cli   'C:\\Program Files\\nodejs\\node_modules\\npm\\bin\\npm-cli.js',
1 verbose cli   'start' ]
2 info using npm@3.10.10
3 info using node@v6.10.2
4 verbose run-script [ 'prestart', 'start', 'poststart' ]
5 info lifecycle redux@1.0.0~prestart: redux@1.0.0
6 silly lifecycle redux@1.0.0~prestart: no script for prestart, continuing
7 info lifecycle redux@1.0.0~start: redux@1.0.0
8 verbose lifecycle redux@1.0.0~start: unsafe-perm in lifecycle true
9 verbose lifecycle redux@1.0.0~start: PATH: C:\Program Files\nodejs\node_modules\npm\bin\node-gyp-bin;C:\Users\AAKASH\Desktop\adpjavascript\react\node_modules\.bin;C:\Users\AAKASH\bin;C:\Program Files\Git\mingw64\bin;C:\Program Files\Git\usr\local\bin;C:\Program Files\Git\usr\bin;C:\Program Files\Git\usr\bin;C:\Program Files\Git\mingw64\bin;C:\Program Files\Git\usr\bin;C:\Users\AAKASH\bin;C:\ProgramData\Oracle\Java\javapath;C:\Windows\system32;C:\Windows;C:\Windows\System32\Wbem;C:\Windows\System32\WindowsPowerShell\v1.0;C:\Program Files (x86)\Windows Live\Shared;C:\Program Files (x86)\ATI Technologies\ATI.ACE\Core-Static;C:\Program Files\Java\jdk1.8.0_111\bin;C:\Program Files (x86)\Skype\Phone;C:\Program Files\nodejs;C:\Program Files\PuTTY;C:\Users\AAKASH\AppData\Roaming\npm;C:\Python27;C:\Program Files (x86)\Microsoft VS Code\bin;C:\Program Files\Git\usr\bin\vendor_perl;C:\Program Files\Git\usr\bin\core_perl
10 verbose lifecycle redux@1.0.0~start: CWD: C:\Users\AAKASH\Desktop\adpjavascript\react
11 silly lifecycle redux@1.0.0~start: Args: [ '/d /s /c', 'babel-node tools/srcServer.js' ]
12 silly lifecycle redux@1.0.0~start: Returned: code: 1  signal: null
13 info lifecycle redux@1.0.0~start: Failed to exec start script
14 verbose stack Error: redux@1.0.0 start: `babel-node tools/srcServer.js`
14 verbose stack Exit status 1
14 verbose stack     at EventEmitter.<anonymous> (C:\Program Files\nodejs\node_modules\npm\lib\utils\lifecycle.js:255:16)
14 verbose stack     at emitTwo (events.js:106:13)
14 verbose stack     at EventEmitter.emit (events.js:191:7)
14 verbose stack     at ChildProcess.<anonymous> (C:\Program Files\nodejs\node_modules\npm\lib\utils\spawn.js:40:14)
14 verbose stack     at emitTwo (events.js:106:13)
14 verbose stack     at ChildProcess.emit (events.js:191:7)
14 verbose stack     at maybeClose (internal/child_process.js:886:16)
14 verbose stack     at Process.ChildProcess._handle.onexit (internal/child_process.js:226:5)
15 verbose pkgid redux@1.0.0
16 verbose cwd C:\Users\AAKASH\Desktop\adpjavascript\react
17 error Windows_NT 6.2.9200
18 error argv "C:\\Program Files\\nodejs\\node.exe" "C:\\Program Files\\nodejs\\node_modules\\npm\\bin\\npm-cli.js" "start"
19 error node v6.10.2
20 error npm  v3.10.10
21 error code ELIFECYCLE
22 error redux@1.0.0 start: `babel-node tools/srcServer.js`
22 error Exit status 1
23 error Failed at the redux@1.0.0 start script 'babel-node tools/srcServer.js'.
23 error Make sure you have the latest version of node.js and npm installed.
23 error If you do, this is most likely a problem with the redux package,
23 error not with npm itself.
23 error Tell the author that this fails on your system:
23 error     babel-node tools/srcServer.js
23 error You can get information on how to open an issue for this project with:
23 error     npm bugs redux
23 error Or if that isn't available, you can get their info via:
23 error     npm owner ls redux
23 error There is likely additional logging output above.
24 verbose exit [ 1, true ]
